#
# There is insufficient memory for the Java Runtime Environment to continue.
# Native memory allocation (malloc) failed to allocate 1048576 bytes for AllocateHeap
# Possible reasons:
#   The system is out of physical RAM or swap space
#   The process is running with CompressedOops enabled, and the Java Heap may be blocking the growth of the native heap
# Possible solutions:
#   Reduce memory load on the system
#   Increase physical memory or swap space
#   Check if swap backing store is full
#   Decrease Java heap size (-Xmx/-Xms)
#   Decrease number of Java threads
#   Decrease Java thread stack sizes (-Xss)
#   Set larger code cache with -XX:ReservedCodeCacheSize=
#   JVM is running with Unscaled Compressed Oops mode in which the Java heap is
#     placed in the first 4GB address space. The Java Heap base address is the
#     maximum limit for the native heap growth. Please use -XX:HeapBaseMinAddress
#     to set the Java Heap base and to place the Java Heap above 4GB virtual address.
# This output file may be truncated or incomplete.
#
#  Out of Memory Error (allocation.cpp:44), pid=11656, tid=15724
#
# JRE version:  (16.0.2+7) (build )
# Java VM: Java HotSpot(TM) 64-Bit Server VM (16.0.2+7-67, mixed mode, sharing, tiered, compressed oops, compressed class ptrs, g1 gc, windows-amd64)
# No core dump will be written. Minidumps are not enabled by default on client versions of Windows
#

---------------  S U M M A R Y ------------

Command Line: -Dfile.encoding=UTF-8 --module-path=H:\workplace\Language\Java_with_netbeans\University Course Management System\build\classes university.course.management.system.Splash

Host: Intel(R) Core(TM) i5-7200U CPU @ 2.50GHz, 4 cores, 7G,  Windows 10 , 64 bit Build 19041 (10.0.19041.1348)
Time: Mon Dec 13 18:46:10 2021 Bangladesh Standard Time elapsed time: 0.142600 seconds (0d 0h 0m 0s)

---------------  T H R E A D  ---------------

Current thread (0x000001bf193689f0):  JavaThread "Unknown thread" [_thread_in_vm, id=15724, stack(0x0000009596d00000,0x0000009596e00000)]

Stack: [0x0000009596d00000,0x0000009596e00000]
Native frames: (J=compiled Java code, j=interpreted, Vv=VM code, C=native code)
V  [jvm.dll+0x6681ca]
V  [jvm.dll+0x7c9e69]
V  [jvm.dll+0x7cb61e]
V  [jvm.dll+0x7cbc73]
V  [jvm.dll+0x242c55]
V  [jvm.dll+0xa8732]
V  [jvm.dll+0x2ce354]
V  [jvm.dll+0x79c70c]
V  [jvm.dll+0x360791]
V  [jvm.dll+0x77a3f0]
V  [jvm.dll+0x3e4e8f]
V  [jvm.dll+0x3e6961]
C  [jli.dll+0x52fb]
C  [ucrtbase.dll+0x21bb2]
C  [KERNEL32.DLL+0x17034]
C  [ntdll.dll+0x52651]


---------------  P R O C E S S  ---------------

Threads class SMR info:
_java_thread_list=0x00007ff8a9b2cbb8, length=0, elements={
}

Java Threads: ( => current thread )

Other Threads:

=>0x000001bf193689f0 (exited) JavaThread "Unknown thread" [_thread_in_vm, id=15724, stack(0x0000009596d00000,0x0000009596e00000)]

Threads with active compile tasks:

VM state: not at safepoint (not fully initialized)

VM Mutex/Monitor currently owned by a thread: None

Heap address: 0x0000000000000000, size: 0 MB, Compressed Oops mode: 32-bit

CDS archive(s) mapped at: [0x0000000000000000-0x0000000000000000-0x0000000000000000), size 0, SharedBaseAddress: 0x0000000800000000, ArchiveRelocationMode: 0.
Narrow klass base: 0x0000000000000000, Narrow klass shift: 0, Narrow klass range: 0x0

GC Precious Log:
<Empty>

GC Heap History (0 events):
No events

Deoptimization events (0 events):
No events

Classes unloaded (0 events):
No events

Classes redefined (0 events):
No events

Internal exceptions (0 events):
No events

Events (1 events):
Event: 0.007 Loaded shared library C:\Program Files\Java\jdk-16.0.2\bin\java.dll


Dynamic libraries:
0x00007ff76dd30000 - 0x00007ff76dd40000 	C:\Program Files\Java\jdk-16.0.2\bin\java.exe
0x00007ff8fc270000 - 0x00007ff8fc465000 	C:\WINDOWS\SYSTEM32\ntdll.dll
0x00007ff8fb550000 - 0x00007ff8fb60e000 	C:\WINDOWS\System32\KERNEL32.DLL
0x00007ff8f9e40000 - 0x00007ff8fa108000 	C:\WINDOWS\System32\KERNELBASE.dll
0x00007ff8f9c30000 - 0x00007ff8f9d30000 	C:\WINDOWS\System32\ucrtbase.dll
0x00007ff8df5e0000 - 0x00007ff8df5f9000 	C:\Program Files\Java\jdk-16.0.2\bin\VCRUNTIME140.dll
0x00007ff8df650000 - 0x00007ff8df668000 	C:\Program Files\Java\jdk-16.0.2\bin\jli.dll
0x00007ff8fad60000 - 0x00007ff8fae0c000 	C:\WINDOWS\System32\ADVAPI32.dll
0x00007ff8fb300000 - 0x00007ff8fb39e000 	C:\WINDOWS\System32\msvcrt.dll
0x00007ff8fa7e0000 - 0x00007ff8fa87b000 	C:\WINDOWS\System32\sechost.dll
0x00007ff8fb640000 - 0x00007ff8fb76a000 	C:\WINDOWS\System32\RPCRT4.dll
0x00007ff8fa630000 - 0x00007ff8fa7d1000 	C:\WINDOWS\System32\USER32.dll
0x00007ff8f9af0000 - 0x00007ff8f9b12000 	C:\WINDOWS\System32\win32u.dll
0x00007ff8e4740000 - 0x00007ff8e49da000 	C:\WINDOWS\WinSxS\amd64_microsoft.windows.common-controls_6595b64144ccf1df_6.0.19041.1110_none_60b5254171f9507e\COMCTL32.dll
0x00007ff8fb610000 - 0x00007ff8fb63b000 	C:\WINDOWS\System32\GDI32.dll
0x00007ff8f9b20000 - 0x00007ff8f9c2b000 	C:\WINDOWS\System32\gdi32full.dll
0x00007ff8fa190000 - 0x00007ff8fa22d000 	C:\WINDOWS\System32\msvcp_win.dll
0x00007ff8f0a20000 - 0x00007ff8f0a2a000 	C:\WINDOWS\SYSTEM32\VERSION.dll
0x00007ff8fa2c0000 - 0x00007ff8fa2f0000 	C:\WINDOWS\System32\IMM32.DLL
0x00007ff8ed180000 - 0x00007ff8ed18c000 	C:\Program Files\Java\jdk-16.0.2\bin\vcruntime140_1.dll
0x00007ff8dc030000 - 0x00007ff8dc0c1000 	C:\Program Files\Java\jdk-16.0.2\bin\msvcp140.dll
0x00007ff8a9020000 - 0x00007ff8a9bcb000 	C:\Program Files\Java\jdk-16.0.2\bin\server\jvm.dll
0x00007ff8fc220000 - 0x00007ff8fc228000 	C:\WINDOWS\System32\PSAPI.DLL
0x00007ff8ed190000 - 0x00007ff8ed199000 	C:\WINDOWS\SYSTEM32\WSOCK32.dll
0x00007ff8e3750000 - 0x00007ff8e3777000 	C:\WINDOWS\SYSTEM32\WINMM.dll
0x00007ff8fba50000 - 0x00007ff8fbabb000 	C:\WINDOWS\System32\WS2_32.dll
0x00007ff8f7880000 - 0x00007ff8f7892000 	C:\WINDOWS\SYSTEM32\kernel.appcore.dll
0x00007ff8e1620000 - 0x00007ff8e162a000 	C:\Program Files\Java\jdk-16.0.2\bin\jimage.dll
0x00007ff8e2e30000 - 0x00007ff8e3014000 	C:\WINDOWS\SYSTEM32\DBGHELP.DLL
0x00007ff8e2270000 - 0x00007ff8e229c000 	C:\WINDOWS\SYSTEM32\dbgcore.DLL
0x00007ff8fa230000 - 0x00007ff8fa2b3000 	C:\WINDOWS\System32\bcryptPrimitives.dll
0x00007ff8df2b0000 - 0x00007ff8df2d5000 	C:\Program Files\Java\jdk-16.0.2\bin\java.dll

dbghelp: loaded successfully - version: 4.0.5 - missing functions: none
symbol engine: initialized successfully - sym options: 0x614 - pdb path: .;C:\Program Files\Java\jdk-16.0.2\bin;C:\WINDOWS\SYSTEM32;C:\WINDOWS\WinSxS\amd64_microsoft.windows.common-controls_6595b64144ccf1df_6.0.19041.1110_none_60b5254171f9507e;C:\Program Files\Java\jdk-16.0.2\bin\server

VM Arguments:
jvm_args: -Dfile.encoding=UTF-8 --module-path=H:\workplace\Language\Java_with_netbeans\University Course Management System\build\classes 
java_command: university.course.management.system.Splash
java_class_path (initial): D:\pdf files\Universtity management system\rs2xml.jar;D:\software\compilers\New folder\mysql-connector-java-8.0.27\mysql-connector-java-8.0.27.jar;H:\workplace\Language\Java_with_netbeans\University Course Management System\build\classes
Launcher Type: SUN_STANDARD

[Global flags]
     intx CICompilerCount                          = 3                                         {product} {ergonomic}
     uint ConcGCThreads                            = 1                                         {product} {ergonomic}
     uint G1ConcRefinementThreads                  = 4                                         {product} {ergonomic}
   size_t G1HeapRegionSize                         = 1048576                                   {product} {ergonomic}
    uintx GCDrainStackTargetSize                   = 64                                        {product} {ergonomic}
   size_t InitialHeapSize                          = 134217728                                 {product} {ergonomic}
   size_t MarkStackSize                            = 4194304                                   {product} {ergonomic}
   size_t MaxHeapSize                              = 2116026368                                {product} {ergonomic}
   size_t MinHeapDeltaBytes                        = 1048576                                   {product} {ergonomic}
   size_t MinHeapSize                              = 8388608                                   {product} {ergonomic}
    uintx NonNMethodCodeHeapSize                   = 5832780                                {pd product} {ergonomic}
    uintx NonProfiledCodeHeapSize                  = 122912730                              {pd product} {ergonomic}
    uintx ProfiledCodeHeapSize                     = 122912730                              {pd product} {ergonomic}
    uintx ReservedCodeCacheSize                    = 251658240                              {pd product} {ergonomic}
     bool SegmentedCodeCache                       = true                                      {product} {ergonomic}
   size_t SoftMaxHeapSize                          = 2116026368                             {manageable} {ergonomic}
     bool UseCompressedClassPointers               = true                           {product lp64_product} {ergonomic}
     bool UseCompressedOops                        = true                           {product lp64_product} {ergonomic}
     bool UseG1GC                                  = true                                      {product} {ergonomic}
     bool UseLargePagesIndividualAllocation        = false                                  {pd product} {ergonomic}

Logging:
Log output configuration:
 #0: stdout all=warning uptime,level,tags
 #1: stderr all=off uptime,level,tags

Environment Variables:
JAVA_HOME=C:\Program Files\Java\jdk-16.0.2
PATH=C:\Program Files\Common Files\Oracle\Java\javapath;C:\Python310\Scripts\;C:\Python310\;C:\WINDOWS\system32;C:\WINDOWS;C:\WINDOWS\System32\Wbem;C:\WINDOWS\System32\WindowsPowerShell\v1.0\;C:\WINDOWS\System32\OpenSSH\;C:\Users\Uthso\AppData\Local\Programs\Python\Python39;C:\Program Files\Java\jdk-16.0.2\bin;C:\Program Files\Git\cmd;C:\Users\Uthso\AppData\Local\Programs\Python\Python39\Scripts\;C:\Users\Uthso\AppData\Local\Programs\Python\Python39\;C:\Users\Uthso\AppData\Local\Microsoft\WindowsApps;C:\Program Files\Java\jdk-16.0.2\bin;D:\Software_install_location\pycharm\PyCharm Community Edition 2021.2.3\bin;;
USERNAME=Uthso
OS=Windows_NT
PROCESSOR_IDENTIFIER=Intel64 Family 6 Model 142 Stepping 9, GenuineIntel



---------------  S Y S T E M  ---------------

OS:
 Windows 10 , 64 bit Build 19041 (10.0.19041.1348)
OS uptime: 0 days 21:14 hours

CPU: total 4 (initial active 4) (2 cores per cpu, 2 threads per core) family 6 model 142 stepping 9 microcode 0xb4, cx8, cmov, fxsr, ht, mmx, 3dnowpref, sse, sse2, sse3, ssse3, sse4.1, sse4.2, popcnt, lzcnt, tsc, tscinvbit, avx, avx2, aes, erms, clmul, bmi1, bmi2, adx, fma, vzeroupper, clflush, clflushopt

Memory: 4k page, system-wide physical 8066M (294M free)
TotalPageFile size 24476M (AvailPageFile size 3M)
current process WorkingSet (physical memory assigned to process): 9M, peak: 9M
current process commit charge ("private bytes"): 13M, peak: 14M

vm_info: Java HotSpot(TM) 64-Bit Server VM (16.0.2+7-67) for windows-amd64 JRE (16.0.2+7-67), built on Jun  8 2021 23:24:19 by "mach5one" with MS VC++ 16.7 (VS2019)

END.
